<?xml version="1.0" encoding="UTF-8"?>
<!-- Generated by org.testng.reporters.JUnitXMLReporter -->
<testsuite hostname="RAHULSPC" ignored="0" name="Mercury Tours FirefoxTest" tests="1" failures="1" timestamp="16 Aug 2018 10:32:15 GMT" time="0.016" errors="0">
  <testcase name="mercuryToursLoginPage" time="0.0" classname="com.rks.TestNGFramework_TDD.Test.MercuryTours">
    <failure type="java.lang.NullPointerException">
      <![CDATA[java.lang.NullPointerException
at com.rks.TestNGFramework_TDD.Test.MercuryTours.mercuryToursLoginPage(MercuryTours.java:34)
... Removed 25 stack frames]]>
    </failure>
  </testcase> <!-- mercuryToursLoginPage -->
</testsuite> <!-- Mercury Tours FirefoxTest -->
