<?xml version="1.0" encoding="UTF-8"?>
<!-- Generated by org.testng.reporters.JUnitXMLReporter -->
<testsuite hostname="RAHULSPC" ignored="0" name="Mercury Tours" tests="2" failures="0" timestamp="16 Aug 2018 07:10:34 GMT" time="4.357" errors="0">
  <testcase name="mercuryToursLoginPage" time="2.605" classname="com.rks.TestNGFramework_TDD.Test.MercuryTours"/>
  <testcase name="mercuryToursFlightFinderPage" time="1.713" classname="com.rks.TestNGFramework_TDD.Test.MercuryTours"/>
</testsuite> <!-- Mercury Tours -->
