<?xml version="1.0" encoding="UTF-8"?>
<testng-results skipped="0" failed="1" ignored="0" total="2" passed="1">
  <reporter-output>
    <line>
      <![CDATA[User is on Login Page]]>
    </line>
    <line>
      <![CDATA[Username is Entered]]>
    </line>
    <line>
      <![CDATA[Paasword is Entered]]>
    </line>
    <line>
      <![CDATA[LogIn Button is Clicked]]>
    </line>
  </reporter-output>
  <suite name="TestNGFramework_TestSuite" duration-ms="36590" started-at="2018-08-16T12:22:57Z" finished-at="2018-08-16T12:23:34Z">
    <groups>
    </groups>
    <test name="Mercury Tours ChromeTest" duration-ms="36590" started-at="2018-08-16T12:22:57Z" finished-at="2018-08-16T12:23:34Z">
      <class name="com.rks.TestNGFramework_TDD.Test.MercuryTours">
        <test-method status="PASS" signature="mercuryToursBeforeMethod()[pri:0, instance:com.rks.TestNGFramework_TDD.Test.MercuryTours@7d9d1a19]" name="mercuryToursBeforeMethod" is-config="true" duration-ms="13811" started-at="2018-08-16T12:22:57Z" finished-at="2018-08-16T12:23:11Z">
          <reporter-output>
          </reporter-output>
        </test-method> <!-- mercuryToursBeforeMethod -->
        <test-method status="PASS" signature="mercuryToursLoginPage()[pri:0, instance:com.rks.TestNGFramework_TDD.Test.MercuryTours@7d9d1a19]" name="mercuryToursLoginPage" duration-ms="3193" started-at="2018-08-16T12:23:11Z" finished-at="2018-08-16T12:23:14Z">
          <reporter-output>
            <line>
              <![CDATA[User is on Login Page]]>
            </line>
            <line>
              <![CDATA[Username is Entered]]>
            </line>
            <line>
              <![CDATA[Paasword is Entered]]>
            </line>
            <line>
              <![CDATA[LogIn Button is Clicked]]>
            </line>
          </reporter-output>
        </test-method> <!-- mercuryToursLoginPage -->
        <test-method status="PASS" signature="mercuryToursAfterMethod()[pri:0, instance:com.rks.TestNGFramework_TDD.Test.MercuryTours@7d9d1a19]" name="mercuryToursAfterMethod" is-config="true" duration-ms="963" started-at="2018-08-16T12:23:14Z" finished-at="2018-08-16T12:23:15Z">
          <reporter-output>
          </reporter-output>
        </test-method> <!-- mercuryToursAfterMethod -->
        <test-method status="PASS" signature="mercuryToursBeforeMethod()[pri:0, instance:com.rks.TestNGFramework_TDD.Test.MercuryTours@7d9d1a19]" name="mercuryToursBeforeMethod" is-config="true" duration-ms="7263" started-at="2018-08-16T12:23:15Z" finished-at="2018-08-16T12:23:23Z">
          <reporter-output>
          </reporter-output>
        </test-method> <!-- mercuryToursBeforeMethod -->
        <test-method status="FAIL" signature="mercuryToursFlightFinderPage()[pri:1, instance:com.rks.TestNGFramework_TDD.Test.MercuryTours@7d9d1a19]" name="mercuryToursFlightFinderPage" duration-ms="10410" started-at="2018-08-16T12:23:23Z" depends-on-methods="com.rks.TestNGFramework_TDD.Test.MercuryTours.mercuryToursLoginPage" finished-at="2018-08-16T12:23:33Z">
          <exception class="org.openqa.selenium.NoSuchElementException">
            <message>
              <![CDATA[no such element: Unable to locate element: {"method":"xpath","selector":"//*[@src='/images/masts/mast_flightfinder.gif']"}
  (Session info: chrome=68.0.3440.106)
  (Driver info: chromedriver=2.38.552522 (437e6fbedfa8762dec75e2c5b3ddb86763dc9dcb),platform=Windows NT 10.0.16299 x86_64) (WARNING: The server did not provide any stacktrace information)
Command duration or timeout: 0 milliseconds
For documentation on this error, please visit: http://seleniumhq.org/exceptions/no_such_element.html
Build info: version: '3.11.0', revision: 'e59cfb3', time: '2018-03-11T20:26:55.152Z'
System info: host: 'RAHULSPC', ip: '172.20.196.113', os.name: 'Windows 10', os.arch: 'amd64', os.version: '10.0', java.version: '1.8.0_131'
Driver info: org.openqa.selenium.chrome.ChromeDriver
Capabilities {acceptInsecureCerts: false, acceptSslCerts: false, applicationCacheEnabled: false, browserConnectionEnabled: false, browserName: chrome, chrome: {chromedriverVersion: 2.38.552522 (437e6fbedfa876..., userDataDir: C:\Users\RAHUL~1.SHA\AppDat...}, cssSelectorsEnabled: true, databaseEnabled: false, handlesAlerts: true, hasTouchScreen: false, javascriptEnabled: true, locationContextEnabled: true, mobileEmulationEnabled: false, nativeEvents: true, networkConnectionEnabled: false, pageLoadStrategy: normal, platform: XP, platformName: XP, rotatable: false, setWindowRect: true, takesHeapSnapshot: true, takesScreenshot: true, unexpectedAlertBehaviour: , unhandledPromptBehavior: , version: 68.0.3440.106, webStorageEnabled: true}
Session ID: 8af233519e735e66d2fb6d097d7cb7a4
*** Element info: {Using=xpath, value=//*[@src='/images/masts/mast_flightfinder.gif']}]]>
            </message>
            <full-stacktrace>
              <![CDATA[org.openqa.selenium.NoSuchElementException: no such element: Unable to locate element: {"method":"xpath","selector":"//*[@src='/images/masts/mast_flightfinder.gif']"}
  (Session info: chrome=68.0.3440.106)
  (Driver info: chromedriver=2.38.552522 (437e6fbedfa8762dec75e2c5b3ddb86763dc9dcb),platform=Windows NT 10.0.16299 x86_64) (WARNING: The server did not provide any stacktrace information)
Command duration or timeout: 0 milliseconds
For documentation on this error, please visit: http://seleniumhq.org/exceptions/no_such_element.html
Build info: version: '3.11.0', revision: 'e59cfb3', time: '2018-03-11T20:26:55.152Z'
System info: host: 'RAHULSPC', ip: '172.20.196.113', os.name: 'Windows 10', os.arch: 'amd64', os.version: '10.0', java.version: '1.8.0_131'
Driver info: org.openqa.selenium.chrome.ChromeDriver
Capabilities {acceptInsecureCerts: false, acceptSslCerts: false, applicationCacheEnabled: false, browserConnectionEnabled: false, browserName: chrome, chrome: {chromedriverVersion: 2.38.552522 (437e6fbedfa876..., userDataDir: C:\Users\RAHUL~1.SHA\AppDat...}, cssSelectorsEnabled: true, databaseEnabled: false, handlesAlerts: true, hasTouchScreen: false, javascriptEnabled: true, locationContextEnabled: true, mobileEmulationEnabled: false, nativeEvents: true, networkConnectionEnabled: false, pageLoadStrategy: normal, platform: XP, platformName: XP, rotatable: false, setWindowRect: true, takesHeapSnapshot: true, takesScreenshot: true, unexpectedAlertBehaviour: , unhandledPromptBehavior: , version: 68.0.3440.106, webStorageEnabled: true}
Session ID: 8af233519e735e66d2fb6d097d7cb7a4
*** Element info: {Using=xpath, value=//*[@src='/images/masts/mast_flightfinder.gif']}
at sun.reflect.NativeConstructorAccessorImpl.newInstance0(Native Method)
at sun.reflect.NativeConstructorAccessorImpl.newInstance(NativeConstructorAccessorImpl.java:62)
at sun.reflect.DelegatingConstructorAccessorImpl.newInstance(DelegatingConstructorAccessorImpl.java:45)
at java.lang.reflect.Constructor.newInstance(Constructor.java:423)
at org.openqa.selenium.remote.ErrorHandler.createThrowable(ErrorHandler.java:214)
at org.openqa.selenium.remote.ErrorHandler.throwIfResponseFailed(ErrorHandler.java:166)
at org.openqa.selenium.remote.http.JsonHttpResponseCodec.reconstructValue(JsonHttpResponseCodec.java:40)
at org.openqa.selenium.remote.http.AbstractHttpResponseCodec.decode(AbstractHttpResponseCodec.java:80)
at org.openqa.selenium.remote.http.AbstractHttpResponseCodec.decode(AbstractHttpResponseCodec.java:44)
at org.openqa.selenium.remote.HttpCommandExecutor.execute(HttpCommandExecutor.java:158)
at org.openqa.selenium.remote.service.DriverCommandExecutor.execute(DriverCommandExecutor.java:83)
at org.openqa.selenium.remote.RemoteWebDriver.execute(RemoteWebDriver.java:545)
at org.openqa.selenium.remote.RemoteWebDriver.findElement(RemoteWebDriver.java:319)
at org.openqa.selenium.remote.RemoteWebDriver.findElementByXPath(RemoteWebDriver.java:421)
at org.openqa.selenium.By$ByXPath.findElement(By.java:361)
at org.openqa.selenium.remote.RemoteWebDriver.findElement(RemoteWebDriver.java:311)
at com.rks.TestNGFramework_TDD.Test.MercuryTours.mercuryToursFlightFinderPage(MercuryTours.java:58)
at sun.reflect.NativeMethodAccessorImpl.invoke0(Native Method)
at sun.reflect.NativeMethodAccessorImpl.invoke(NativeMethodAccessorImpl.java:62)
at sun.reflect.DelegatingMethodAccessorImpl.invoke(DelegatingMethodAccessorImpl.java:43)
at java.lang.reflect.Method.invoke(Method.java:498)
at org.testng.internal.MethodInvocationHelper.invokeMethod(MethodInvocationHelper.java:124)
at org.testng.internal.Invoker.invokeMethod(Invoker.java:583)
at org.testng.internal.Invoker.invokeTestMethod(Invoker.java:719)
at org.testng.internal.Invoker.invokeTestMethods(Invoker.java:989)
at org.testng.internal.TestMethodWorker.invokeTestMethods(TestMethodWorker.java:125)
at org.testng.internal.TestMethodWorker.run(TestMethodWorker.java:109)
at org.testng.TestRunner.privateRun(TestRunner.java:648)
at org.testng.TestRunner.run(TestRunner.java:505)
at org.testng.SuiteRunner.runTest(SuiteRunner.java:455)
at org.testng.SuiteRunner.runSequentially(SuiteRunner.java:450)
at org.testng.SuiteRunner.privateRun(SuiteRunner.java:415)
at org.testng.SuiteRunner.run(SuiteRunner.java:364)
at org.testng.SuiteRunnerWorker.runSuite(SuiteRunnerWorker.java:52)
at org.testng.SuiteRunnerWorker.run(SuiteRunnerWorker.java:84)
at org.testng.TestNG.runSuitesSequentially(TestNG.java:1208)
at org.testng.TestNG.runSuitesLocally(TestNG.java:1137)
at org.testng.TestNG.runSuites(TestNG.java:1049)
at org.testng.TestNG.run(TestNG.java:1017)
at org.testng.remote.AbstractRemoteTestNG.run(AbstractRemoteTestNG.java:114)
at org.testng.remote.RemoteTestNG.initAndRun(RemoteTestNG.java:251)
at org.testng.remote.RemoteTestNG.main(RemoteTestNG.java:77)
]]>
            </full-stacktrace>
          </exception> <!-- org.openqa.selenium.NoSuchElementException -->
          <reporter-output>
          </reporter-output>
        </test-method> <!-- mercuryToursFlightFinderPage -->
        <test-method status="PASS" signature="mercuryToursAfterMethod()[pri:0, instance:com.rks.TestNGFramework_TDD.Test.MercuryTours@7d9d1a19]" name="mercuryToursAfterMethod" is-config="true" duration-ms="915" started-at="2018-08-16T12:23:33Z" finished-at="2018-08-16T12:23:34Z">
          <reporter-output>
          </reporter-output>
        </test-method> <!-- mercuryToursAfterMethod -->
      </class> <!-- com.rks.TestNGFramework_TDD.Test.MercuryTours -->
    </test> <!-- Mercury Tours ChromeTest -->
  </suite> <!-- TestNGFramework_TestSuite -->
</testng-results>
